  d3dApp.cpp
d:\dxsdk\include\dxgitype.h(12): warning C4005: 'DXGI_STATUS_OCCLUDED': 매크로 재정의
  c:\program files (x86)\windows kits\8.1\include\shared\winerror.h(50092): note: 'DXGI_STATUS_OCCLUDED'의 이전 정의를 참조하십시오.
d:\dxsdk\include\dxgitype.h(13): warning C4005: 'DXGI_STATUS_CLIPPED': 매크로 재정의
  c:\program files (x86)\windows kits\8.1\include\shared\winerror.h(50101): note: 'DXGI_STATUS_CLIPPED'의 이전 정의를 참조하십시오.
d:\dxsdk\include\dxgitype.h(14): warning C4005: 'DXGI_STATUS_NO_REDIRECTION': 매크로 재정의
  c:\program files (x86)\windows kits\8.1\include\shared\winerror.h(50110): note: 'DXGI_STATUS_NO_REDIRECTION'의 이전 정의를 참조하십시오.
d:\dxsdk\include\dxgitype.h(15): warning C4005: 'DXGI_STATUS_NO_DESKTOP_ACCESS': 매크로 재정의
  c:\program files (x86)\windows kits\8.1\include\shared\winerror.h(50119): note: 'DXGI_STATUS_NO_DESKTOP_ACCESS'의 이전 정의를 참조하십시오.
d:\dxsdk\include\dxgitype.h(16): warning C4005: 'DXGI_STATUS_GRAPHICS_VIDPN_SOURCE_IN_USE': 매크로 재정의
  c:\program files (x86)\windows kits\8.1\include\shared\winerror.h(50128): note: 'DXGI_STATUS_GRAPHICS_VIDPN_SOURCE_IN_USE'의 이전 정의를 참조하십시오.
d:\dxsdk\include\dxgitype.h(17): warning C4005: 'DXGI_STATUS_MODE_CHANGED': 매크로 재정의
  c:\program files (x86)\windows kits\8.1\include\shared\winerror.h(50137): note: 'DXGI_STATUS_MODE_CHANGED'의 이전 정의를 참조하십시오.
d:\dxsdk\include\dxgitype.h(18): warning C4005: 'DXGI_STATUS_MODE_CHANGE_IN_PROGRESS': 매크로 재정의
  c:\program files (x86)\windows kits\8.1\include\shared\winerror.h(50146): note: 'DXGI_STATUS_MODE_CHANGE_IN_PROGRESS'의 이전 정의를 참조하십시오.
d:\dxsdk\include\dxgitype.h(21): warning C4005: 'DXGI_ERROR_INVALID_CALL': 매크로 재정의
  c:\program files (x86)\windows kits\8.1\include\shared\winerror.h(50161): note: 'DXGI_ERROR_INVALID_CALL'의 이전 정의를 참조하십시오.
d:\dxsdk\include\dxgitype.h(22): warning C4005: 'DXGI_ERROR_NOT_FOUND': 매크로 재정의
  c:\program files (x86)\windows kits\8.1\include\shared\winerror.h(50170): note: 'DXGI_ERROR_NOT_FOUND'의 이전 정의를 참조하십시오.
d:\dxsdk\include\dxgitype.h(23): warning C4005: 'DXGI_ERROR_MORE_DATA': 매크로 재정의
  c:\program files (x86)\windows kits\8.1\include\shared\winerror.h(50179): note: 'DXGI_ERROR_MORE_DATA'의 이전 정의를 참조하십시오.
d:\dxsdk\include\dxgitype.h(24): warning C4005: 'DXGI_ERROR_UNSUPPORTED': 매크로 재정의
  c:\program files (x86)\windows kits\8.1\include\shared\winerror.h(50188): note: 'DXGI_ERROR_UNSUPPORTED'의 이전 정의를 참조하십시오.
d:\dxsdk\include\dxgitype.h(25): warning C4005: 'DXGI_ERROR_DEVICE_REMOVED': 매크로 재정의
  c:\program files (x86)\windows kits\8.1\include\shared\winerror.h(50197): note: 'DXGI_ERROR_DEVICE_REMOVED'의 이전 정의를 참조하십시오.
d:\dxsdk\include\dxgitype.h(26): warning C4005: 'DXGI_ERROR_DEVICE_HUNG': 매크로 재정의
  c:\program files (x86)\windows kits\8.1\include\shared\winerror.h(50206): note: 'DXGI_ERROR_DEVICE_HUNG'의 이전 정의를 참조하십시오.
d:\dxsdk\include\dxgitype.h(27): warning C4005: 'DXGI_ERROR_DEVICE_RESET': 매크로 재정의
  c:\program files (x86)\windows kits\8.1\include\shared\winerror.h(50216): note: 'DXGI_ERROR_DEVICE_RESET'의 이전 정의를 참조하십시오.
d:\dxsdk\include\dxgitype.h(28): warning C4005: 'DXGI_ERROR_WAS_STILL_DRAWING': 매크로 재정의
  c:\program files (x86)\windows kits\8.1\include\shared\winerror.h(50225): note: 'DXGI_ERROR_WAS_STILL_DRAWING'의 이전 정의를 참조하십시오.
d:\dxsdk\include\dxgitype.h(29): warning C4005: 'DXGI_ERROR_FRAME_STATISTICS_DISJOINT': 매크로 재정의
  c:\program files (x86)\windows kits\8.1\include\shared\winerror.h(50235): note: 'DXGI_ERROR_FRAME_STATISTICS_DISJOINT'의 이전 정의를 참조하십시오.
d:\dxsdk\include\dxgitype.h(30): warning C4005: 'DXGI_ERROR_GRAPHICS_VIDPN_SOURCE_IN_USE': 매크로 재정의
  c:\program files (x86)\windows kits\8.1\include\shared\winerror.h(50244): note: 'DXGI_ERROR_GRAPHICS_VIDPN_SOURCE_IN_USE'의 이전 정의를 참조하십시오.
d:\dxsdk\include\dxgitype.h(31): warning C4005: 'DXGI_ERROR_DRIVER_INTERNAL_ERROR': 매크로 재정의
  c:\program files (x86)\windows kits\8.1\include\shared\winerror.h(50254): note: 'DXGI_ERROR_DRIVER_INTERNAL_ERROR'의 이전 정의를 참조하십시오.
d:\dxsdk\include\dxgitype.h(32): warning C4005: 'DXGI_ERROR_NONEXCLUSIVE': 매크로 재정의
  c:\program files (x86)\windows kits\8.1\include\shared\winerror.h(50263): note: 'DXGI_ERROR_NONEXCLUSIVE'의 이전 정의를 참조하십시오.
d:\dxsdk\include\dxgitype.h(33): warning C4005: 'DXGI_ERROR_NOT_CURRENTLY_AVAILABLE': 매크로 재정의
  c:\program files (x86)\windows kits\8.1\include\shared\winerror.h(50272): note: 'DXGI_ERROR_NOT_CURRENTLY_AVAILABLE'의 이전 정의를 참조하십시오.
d:\dxsdk\include\dxgitype.h(34): warning C4005: 'DXGI_ERROR_REMOTE_CLIENT_DISCONNECTED': 매크로 재정의
  c:\program files (x86)\windows kits\8.1\include\shared\winerror.h(50282): note: 'DXGI_ERROR_REMOTE_CLIENT_DISCONNECTED'의 이전 정의를 참조하십시오.
d:\dxsdk\include\dxgitype.h(35): warning C4005: 'DXGI_ERROR_REMOTE_OUTOFMEMORY': 매크로 재정의
  c:\program files (x86)\windows kits\8.1\include\shared\winerror.h(50291): note: 'DXGI_ERROR_REMOTE_OUTOFMEMORY'의 이전 정의를 참조하십시오.
d:\dxsdk\include\d3d11.h(917): warning C4005: 'D3D11_ERROR_TOO_MANY_UNIQUE_STATE_OBJECTS': 매크로 재정의
  c:\program files (x86)\windows kits\8.1\include\shared\winerror.h(50469): note: 'D3D11_ERROR_TOO_MANY_UNIQUE_STATE_OBJECTS'의 이전 정의를 참조하십시오.
d:\dxsdk\include\d3d11.h(918): warning C4005: 'D3D11_ERROR_FILE_NOT_FOUND': 매크로 재정의
  c:\program files (x86)\windows kits\8.1\include\shared\winerror.h(50478): note: 'D3D11_ERROR_FILE_NOT_FOUND'의 이전 정의를 참조하십시오.
d:\dxsdk\include\d3d11.h(919): warning C4005: 'D3D11_ERROR_TOO_MANY_UNIQUE_VIEW_OBJECTS': 매크로 재정의
  c:\program files (x86)\windows kits\8.1\include\shared\winerror.h(50488): note: 'D3D11_ERROR_TOO_MANY_UNIQUE_VIEW_OBJECTS'의 이전 정의를 참조하십시오.
d:\dxsdk\include\d3d11.h(920): warning C4005: 'D3D11_ERROR_DEFERRED_CONTEXT_MAP_WITHOUT_INITIAL_DISCARD': 매크로 재정의
  c:\program files (x86)\windows kits\8.1\include\shared\winerror.h(50497): note: 'D3D11_ERROR_DEFERRED_CONTEXT_MAP_WITHOUT_INITIAL_DISCARD'의 이전 정의를 참조하십시오.
d:\dxsdk\include\d3d10.h(608): warning C4005: 'D3D10_ERROR_TOO_MANY_UNIQUE_STATE_OBJECTS': 매크로 재정의
  c:\program files (x86)\windows kits\8.1\include\shared\winerror.h(50445): note: 'D3D10_ERROR_TOO_MANY_UNIQUE_STATE_OBJECTS'의 이전 정의를 참조하십시오.
d:\dxsdk\include\d3d10.h(609): warning C4005: 'D3D10_ERROR_FILE_NOT_FOUND': 매크로 재정의
  c:\program files (x86)\windows kits\8.1\include\shared\winerror.h(50454): note: 'D3D10_ERROR_FILE_NOT_FOUND'의 이전 정의를 참조하십시오.
d:\dxsdk\include\xnamath.h(2662): warning C4838: 'unsigned int'에서 'INT'(으)로의 변환에는 축소 변환이 필요합니다.
d:\dxsdk\include\xnamath.h(2663): warning C4838: 'unsigned int'에서 'INT'(으)로의 변환에는 축소 변환이 필요합니다.
d:\dxsdk\include\xnamath.h(2664): warning C4838: 'unsigned int'에서 'INT'(으)로의 변환에는 축소 변환이 필요합니다.
d:\dxsdk\include\xnamath.h(2665): warning C4838: 'unsigned int'에서 'INT'(으)로의 변환에는 축소 변환이 필요합니다.
d:\dxsdk\include\xnamath.h(2666): warning C4838: 'unsigned int'에서 'INT'(으)로의 변환에는 축소 변환이 필요합니다.
d:\dxsdk\include\xnamath.h(2667): warning C4838: 'unsigned int'에서 'INT'(으)로의 변환에는 축소 변환이 필요합니다.
d:\dxsdk\include\xnamath.h(2668): warning C4838: 'unsigned int'에서 'INT'(으)로의 변환에는 축소 변환이 필요합니다.
d:\dxsdk\include\xnamath.h(2689): warning C4838: 'unsigned int'에서 'INT'(으)로의 변환에는 축소 변환이 필요합니다.
d:\dxsdk\include\xnamath.h(2690): warning C4838: 'unsigned int'에서 'INT'(으)로의 변환에는 축소 변환이 필요합니다.
d:\dxsdk\include\xnamath.h(2691): warning C4838: 'unsigned int'에서 'INT'(으)로의 변환에는 축소 변환이 필요합니다.
d:\dxsdk\include\xnamath.h(2694): warning C4838: 'unsigned int'에서 'INT'(으)로의 변환에는 축소 변환이 필요합니다.
d:\dxsdk\include\xnamath.h(2695): warning C4838: 'unsigned int'에서 'INT'(으)로의 변환에는 축소 변환이 필요합니다.
d:\dxsdk\include\xnamath.h(2698): warning C4838: 'unsigned int'에서 'INT'(으)로의 변환에는 축소 변환이 필요합니다.
d:\dxsdk\include\xnamath.h(2702): warning C4838: 'unsigned int'에서 'INT'(으)로의 변환에는 축소 변환이 필요합니다.
d:\dxsdk\include\xnamath.h(2712): warning C4838: 'unsigned int'에서 'INT'(으)로의 변환에는 축소 변환이 필요합니다.
d:\dxsdk\include\xnamath.h(2713): warning C4838: 'unsigned int'에서 'INT'(으)로의 변환에는 축소 변환이 필요합니다.
d:\dxsdk\include\xnamath.h(2715): warning C4838: 'unsigned int'에서 'INT'(으)로의 변환에는 축소 변환이 필요합니다.
d:\dxsdk\include\xnamath.h(2716): warning C4838: 'unsigned int'에서 'INT'(으)로의 변환에는 축소 변환이 필요합니다.
d:\dxsdk\include\xnamath.h(2717): warning C4838: 'unsigned int'에서 'INT'(으)로의 변환에는 축소 변환이 필요합니다.
d:\dxsdk\include\xnamath.h(2727): warning C4838: 'unsigned int'에서 'INT'(으)로의 변환에는 축소 변환이 필요합니다.
d:\dxsdk\include\xnamath.h(2728): warning C4838: 'unsigned int'에서 'INT'(으)로의 변환에는 축소 변환이 필요합니다.
d:\dxsdk\include\xnamath.h(2729): warning C4838: 'unsigned int'에서 'INT'(으)로의 변환에는 축소 변환이 필요합니다.
d:\dxsdk\include\xnamath.h(2730): warning C4838: 'unsigned int'에서 'INT'(으)로의 변환에는 축소 변환이 필요합니다.
d:\dxsdk\include\xnamath.h(2731): warning C4838: 'unsigned int'에서 'INT'(으)로의 변환에는 축소 변환이 필요합니다.
d:\dxsdk\include\xnamath.h(2732): warning C4838: 'unsigned int'에서 'INT'(으)로의 변환에는 축소 변환이 필요합니다.
d:\dxsdk\include\xnamath.h(2742): warning C4838: 'unsigned int'에서 'INT'(으)로의 변환에는 축소 변환이 필요합니다.
d:\dxsdk\include\xnamath.h(2743): warning C4838: 'unsigned int'에서 'INT'(으)로의 변환에는 축소 변환이 필요합니다.
d:\dxsdk\include\xnamath.h(2754): warning C4838: 'unsigned int'에서 'INT'(으)로의 변환에는 축소 변환이 필요합니다.
d:\dxsdk\include\xnamathconvert.inl(2254): warning C4838: 'unsigned int'에서 'INT'(으)로의 변환에는 축소 변환이 필요합니다.
d:\dxsdk\include\xnamathconvert.inl(4523): warning C4838: 'unsigned int'에서 'INT'(으)로의 변환에는 축소 변환이 필요합니다.
d:\dxsdk\include\xnamathconvert.inl(4577): warning C4838: 'unsigned int'에서 'INT'(으)로의 변환에는 축소 변환이 필요합니다.
d:\dxsdk\include\xnamathconvert.inl(4639): warning C4838: 'unsigned int'에서 'INT'(으)로의 변환에는 축소 변환이 필요합니다.
d:\dxsdk\include\xnamathconvert.inl(4707): warning C4838: 'unsigned int'에서 'INT'(으)로의 변환에는 축소 변환이 필요합니다.
d:\dxsdk\include\xnamathconvert.inl(4770): warning C4838: 'unsigned int'에서 'INT'(으)로의 변환에는 축소 변환이 필요합니다.
d:\dxsdk\include\xnamathconvert.inl(4832): warning C4838: 'unsigned int'에서 'INT'(으)로의 변환에는 축소 변환이 필요합니다.
d:\dxsdk\include\xnamathvector.inl(1269): warning C4838: 'unsigned int'에서 'INT'(으)로의 변환에는 축소 변환이 필요합니다.
d:\dxsdk\include\xnamathmisc.inl(518): warning C4838: 'unsigned int'에서 'INT'(으)로의 변환에는 축소 변환이 필요합니다.
d:\dxsdk\include\xnamathmisc.inl(519): warning C4838: 'unsigned int'에서 'INT'(으)로의 변환에는 축소 변환이 필요합니다.
c:\program files (x86)\windows kits\8.1\include\shared\ws2def.h(100): warning C4005: 'AF_IPX': 매크로 재정의
  c:\program files (x86)\windows kits\8.1\include\um\winsock.h(452): note: 'AF_IPX'의 이전 정의를 참조하십시오.
c:\program files (x86)\windows kits\8.1\include\shared\ws2def.h(140): warning C4005: 'AF_MAX': 매크로 재정의
  c:\program files (x86)\windows kits\8.1\include\um\winsock.h(471): note: 'AF_MAX'의 이전 정의를 참조하십시오.
c:\program files (x86)\windows kits\8.1\include\shared\ws2def.h(177): warning C4005: 'SO_DONTLINGER': 매크로 재정의
  c:\program files (x86)\windows kits\8.1\include\um\winsock.h(394): note: 'SO_DONTLINGER'의 이전 정의를 참조하십시오.
c:\program files (x86)\windows kits\8.1\include\shared\ws2def.h(221): error C2011: 'sockaddr': 'struct' 형식 재정의
  c:\program files (x86)\windows kits\8.1\include\um\winsock.h(1002): note: 'sockaddr' 선언을 참조하십시오.
c:\program files (x86)\windows kits\8.1\include\shared\ws2def.h(421): error C2059: 구문 오류: '상수'
c:\program files (x86)\windows kits\8.1\include\shared\ws2def.h(421): error C3805: '상수': 예기치 않은 토큰이 있습니다. '}' 또는 ','가 필요합니다.
c:\program files (x86)\windows kits\8.1\include\shared\ws2def.h(556): warning C4005: 'IN_CLASSA': 매크로 재정의
  c:\program files (x86)\windows kits\8.1\include\um\winsock.h(279): note: 'IN_CLASSA'의 이전 정의를 참조하십시오.
c:\program files (x86)\windows kits\8.1\include\shared\ws2def.h(562): warning C4005: 'IN_CLASSB': 매크로 재정의
  c:\program files (x86)\windows kits\8.1\include\um\winsock.h(285): note: 'IN_CLASSB'의 이전 정의를 참조하십시오.
c:\program files (x86)\windows kits\8.1\include\shared\ws2def.h(568): warning C4005: 'IN_CLASSC': 매크로 재정의
  c:\program files (x86)\windows kits\8.1\include\um\winsock.h(291): note: 'IN_CLASSC'의 이전 정의를 참조하십시오.
c:\program files (x86)\windows kits\8.1\include\shared\ws2def.h(579): warning C4005: 'INADDR_ANY': 매크로 재정의
  c:\program files (x86)\windows kits\8.1\include\um\winsock.h(296): note: 'INADDR_ANY'의 이전 정의를 참조하십시오.
c:\program files (x86)\windows kits\8.1\include\shared\ws2def.h(581): warning C4005: 'INADDR_BROADCAST': 매크로 재정의
  c:\program files (x86)\windows kits\8.1\include\um\winsock.h(298): note: 'INADDR_BROADCAST'의 이전 정의를 참조하십시오.
c:\program files (x86)\windows kits\8.1\include\shared\ws2def.h(615): error C2011: 'sockaddr_in': 'struct' 형식 재정의
  c:\program files (x86)\windows kits\8.1\include\um\winsock.h(1006): note: 'sockaddr_in' 선언을 참조하십시오.
c:\program files (x86)\windows kits\8.1\include\um\winsock2.h(136): error C2011: 'fd_set': 'struct' 형식 재정의
  c:\program files (x86)\windows kits\8.1\include\um\winsock.h(1014): note: 'fd_set' 선언을 참조하십시오.
c:\program files (x86)\windows kits\8.1\include\um\winsock2.h(156): warning C4005: 'FD_CLR': 매크로 재정의
  c:\program files (x86)\windows kits\8.1\include\um\winsock.h(89): note: 'FD_CLR'의 이전 정의를 참조하십시오.
c:\program files (x86)\windows kits\8.1\include\um\winsock2.h(171): warning C4005: 'FD_SET': 매크로 재정의
  c:\program files (x86)\windows kits\8.1\include\um\winsock.h(94): note: 'FD_SET'의 이전 정의를 참조하십시오.
c:\program files (x86)\windows kits\8.1\include\um\winsock2.h(180): error C2011: 'timeval': 'struct' 형식 재정의
  c:\program files (x86)\windows kits\8.1\include\um\winsock.h(1030): note: 'timeval' 선언을 참조하십시오.
c:\program files (x86)\windows kits\8.1\include\um\winsock2.h(236): error C2011: 'hostent': 'struct' 형식 재정의
  c:\program files (x86)\windows kits\8.1\include\um\winsock.h(1018): note: 'hostent' 선언을 참조하십시오.
c:\program files (x86)\windows kits\8.1\include\um\winsock2.h(249): error C2011: 'netent': 'struct' 형식 재정의
  c:\program files (x86)\windows kits\8.1\include\um\winsock.h(172): note: 'netent' 선언을 참조하십시오.
c:\program files (x86)\windows kits\8.1\include\um\winsock2.h(256): error C2011: 'servent': 'struct' 형식 재정의
  c:\program files (x86)\windows kits\8.1\include\um\winsock.h(1022): note: 'servent' 선언을 참조하십시오.
c:\program files (x86)\windows kits\8.1\include\um\winsock2.h(268): error C2011: 'protoent': 'struct' 형식 재정의
  c:\program files (x86)\windows kits\8.1\include\um\winsock.h(1026): note: 'protoent' 선언을 참조하십시오.
c:\program files (x86)\windows kits\8.1\include\um\winsock2.h(364): error C2011: 'WSAData': 'struct' 형식 재정의
  c:\program files (x86)\windows kits\8.1\include\um\winsock.h(314): note: 'WSAData' 선언을 참조하십시오.
c:\program files (x86)\windows kits\8.1\include\um\winsock2.h(462): error C2011: 'sockproto': 'struct' 형식 재정의
  c:\program files (x86)\windows kits\8.1\include\um\winsock.h(486): note: 'sockproto' 선언을 참조하십시오.
c:\program files (x86)\windows kits\8.1\include\um\winsock2.h(504): error C2011: 'linger': 'struct' 형식 재정의
  c:\program files (x86)\windows kits\8.1\include\um\winsock.h(1010): note: 'linger' 선언을 참조하십시오.
c:\program files (x86)\windows kits\8.1\include\um\winsock2.h(517): warning C4005: 'SOMAXCONN': 매크로 재정의
  c:\program files (x86)\windows kits\8.1\include\um\winsock.h(536): note: 'SOMAXCONN'의 이전 정의를 참조하십시오.
c:\program files (x86)\windows kits\8.1\include\um\winsock2.h(551): warning C4005: 'FD_READ': 매크로 재정의
  c:\program files (x86)\windows kits\8.1\include\um\winsock.h(554): note: 'FD_READ'의 이전 정의를 참조하십시오.
c:\program files (x86)\windows kits\8.1\include\um\winsock2.h(554): warning C4005: 'FD_WRITE': 매크로 재정의
  c:\program files (x86)\windows kits\8.1\include\um\winsock.h(555): note: 'FD_WRITE'의 이전 정의를 참조하십시오.
c:\program files (x86)\windows kits\8.1\include\um\winsock2.h(557): warning C4005: 'FD_OOB': 매크로 재정의
  c:\program files (x86)\windows kits\8.1\include\um\winsock.h(556): note: 'FD_OOB'의 이전 정의를 참조하십시오.
c:\program files (x86)\windows kits\8.1\include\um\winsock2.h(560): warning C4005: 'FD_ACCEPT': 매크로 재정의
  c:\program files (x86)\windows kits\8.1\include\um\winsock.h(557): note: 'FD_ACCEPT'의 이전 정의를 참조하십시오.
c:\program files (x86)\windows kits\8.1\include\um\winsock2.h(563): warning C4005: 'FD_CONNECT': 매크로 재정의
  c:\program files (x86)\windows kits\8.1\include\um\winsock.h(558): note: 'FD_CONNECT'의 이전 정의를 참조하십시오.
c:\program files (x86)\windows kits\8.1\include\um\winsock2.h(566): warning C4005: 'FD_CLOSE': 매크로 재정의
  c:\program files (x86)\windows kits\8.1\include\um\winsock.h(559): note: 'FD_CLOSE'의 이전 정의를 참조하십시오.
c:\program files (x86)\windows kits\8.1\include\um\winsock2.h(1650): error C2375: 'accept': 재정의. 링크가 다릅니다.
  c:\program files (x86)\windows kits\8.1\include\um\winsock.h(734): note: 'accept' 선언을 참조하십시오.
c:\program files (x86)\windows kits\8.1\include\um\winsock2.h(1672): error C2375: 'bind': 재정의. 링크가 다릅니다.
  c:\program files (x86)\windows kits\8.1\include\um\winsock.h(739): note: 'bind' 선언을 참조하십시오.
c:\program files (x86)\windows kits\8.1\include\um\winsock2.h(1691): error C2375: 'closesocket': 재정의. 링크가 다릅니다.
  c:\program files (x86)\windows kits\8.1\include\um\winsock.h(744): note: 'closesocket' 선언을 참조하십시오.
c:\program files (x86)\windows kits\8.1\include\um\winsock2.h(1710): error C2375: 'connect': 재정의. 링크가 다릅니다.
  c:\program files (x86)\windows kits\8.1\include\um\winsock.h(746): note: 'connect' 선언을 참조하십시오.
c:\program files (x86)\windows kits\8.1\include\um\winsock2.h(1731): error C2375: 'ioctlsocket': 재정의. 링크가 다릅니다.
  c:\program files (x86)\windows kits\8.1\include\um\winsock.h(751): note: 'ioctlsocket' 선언을 참조하십시오.
c:\program files (x86)\windows kits\8.1\include\um\winsock2.h(1752): error C2375: 'getpeername': 재정의. 링크가 다릅니다.
  c:\program files (x86)\windows kits\8.1\include\um\winsock.h(756): note: 'getpeername' 선언을 참조하십시오.
c:\program files (x86)\windows kits\8.1\include\um\winsock2.h(1773): error C2375: 'getsockname': 재정의. 링크가 다릅니다.
  c:\program files (x86)\windows kits\8.1\include\um\winsock.h(761): note: 'getsockname' 선언을 참조하십시오.
c:\program files (x86)\windows kits\8.1\include\um\winsock2.h(1796): error C2375: 'getsockopt': 재정의. 링크가 다릅니다.
  c:\program files (x86)\windows kits\8.1\include\um\winsock.h(766): note: 'getsockopt' 선언을 참조하십시오.
c:\program files (x86)\windows kits\8.1\include\um\winsock2.h(1817): error C2375: 'htonl': 재정의. 링크가 다릅니다.
  c:\program files (x86)\windows kits\8.1\include\um\winsock.h(773): note: 'htonl' 선언을 참조하십시오.
c:\program files (x86)\windows kits\8.1\include\um\winsock2.h(1834): error C2375: 'htons': 재정의. 링크가 다릅니다.
  c:\program files (x86)\windows kits\8.1\include\um\winsock.h(775): note: 'htons' 선언을 참조하십시오.
c:\program files (x86)\windows kits\8.1\include\um\winsock2.h(1852): error C2375: 'inet_addr': 재정의. 링크가 다릅니다.
  c:\program files (x86)\windows kits\8.1\include\um\winsock.h(777): note: 'inet_addr' 선언을 참조하십시오.
c:\program files (x86)\windows kits\8.1\include\um\winsock2.h(1870): error C2375: 'inet_ntoa': 재정의. 링크가 다릅니다.
  c:\program files (x86)\windows kits\8.1\include\um\winsock.h(779): note: 'inet_ntoa' 선언을 참조하십시오.
c:\program files (x86)\windows kits\8.1\include\um\winsock2.h(1971): error C2375: 'listen': 재정의. 링크가 다릅니다.
  c:\program files (x86)\windows kits\8.1\include\um\winsock.h(781): note: 'listen' 선언을 참조하십시오.
c:\program files (x86)\windows kits\8.1\include\um\winsock2.h(1989): error C2375: 'ntohl': 재정의. 링크가 다릅니다.
  c:\program files (x86)\windows kits\8.1\include\um\winsock.h(785): note: 'ntohl' 선언을 참조하십시오.
c:\program files (x86)\windows kits\8.1\include\um\winsock2.h(2006): error C2375: 'ntohs': 재정의. 링크가 다릅니다.
  c:\program files (x86)\windows kits\8.1\include\um\winsock.h(787): note: 'ntohs' 선언을 참조하십시오.
c:\program files (x86)\windows kits\8.1\include\um\winsock2.h(2026): error C2375: 'recv': 재정의. 링크가 다릅니다.
  c:\program files (x86)\windows kits\8.1\include\um\winsock.h(789): note: 'recv' 선언을 참조하십시오.
c:\program files (x86)\windows kits\8.1\include\um\winsock2.h(2051): error C2375: 'recvfrom': 재정의. 링크가 다릅니다.
  c:\program files (x86)\windows kits\8.1\include\um\winsock.h(795): note: 'recvfrom' 선언을 참조하십시오.
c:\program files (x86)\windows kits\8.1\include\um\winsock2.h(2077): error C2375: 'select': 재정의. 링크가 다릅니다.
  c:\program files (x86)\windows kits\8.1\include\um\winsock.h(803): note: 'select' 선언을 참조하십시오.
c:\program files (x86)\windows kits\8.1\include\um\winsock2.h(2101): error C2375: 'send': 재정의. 링크가 다릅니다.
  c:\program files (x86)\windows kits\8.1\include\um\winsock.h(810): note: 'send' 선언을 참조하십시오.
c:\program files (x86)\windows kits\8.1\include\um\winsock2.h(2126): error C2375: 'sendto': 재정의. 링크가 다릅니다.
  c:\program files (x86)\windows kits\8.1\include\um\winsock.h(816): note: 'sendto' 선언을 참조하십시오.
c:\program files (x86)\windows kits\8.1\include\um\winsock2.h(2152): error C2375: 'setsockopt': 재정의. 링크가 다릅니다.
  c:\program files (x86)\windows kits\8.1\include\um\winsock.h(824): note: 'setsockopt' 선언을 참조하십시오.
c:\program files (x86)\windows kits\8.1\include\um\winsock2.h(2174): error C2375: 'shutdown': 재정의. 링크가 다릅니다.
  c:\program files (x86)\windows kits\8.1\include\um\winsock.h(831): note: 'shutdown' 선언을 참조하십시오.
c:\program files (x86)\windows kits\8.1\include\um\winsock2.h(2195): error C2375: 'socket': 재정의. 링크가 다릅니다.
  c:\program files (x86)\windows kits\8.1\include\um\winsock.h(835): note: 'socket' 선언을 참조하십시오.
c:\program files (x86)\windows kits\8.1\include\um\winsock2.h(2220): error C2375: 'gethostbyaddr': 재정의. 링크가 다릅니다.
  c:\program files (x86)\windows kits\8.1\include\um\winsock.h(842): note: 'gethostbyaddr' 선언을 참조하십시오.
c:\program files (x86)\windows kits\8.1\include\um\winsock2.h(2240): error C2375: 'gethostbyname': 재정의. 링크가 다릅니다.
  c:\program files (x86)\windows kits\8.1\include\um\winsock.h(847): note: 'gethostbyname' 선언을 참조하십시오.
c:\program files (x86)\windows kits\8.1\include\um\winsock2.h(2258): error C2375: 'gethostname': 재정의. 링크가 다릅니다.
  c:\program files (x86)\windows kits\8.1\include\um\winsock.h(849): note: 'gethostname' 선언을 참조하십시오.
c:\program files (x86)\windows kits\8.1\include\um\winsock2.h(2298): error C2375: 'getservbyport': 재정의. 링크가 다릅니다.
  c:\program files (x86)\windows kits\8.1\include\um\winsock.h(853): note: 'getservbyport' 선언을 참조하십시오.
c:\program files (x86)\windows kits\8.1\include\um\winsock2.h(2317): error C2375: 'getservbyname': 재정의. 링크가 다릅니다.
  c:\program files (x86)\windows kits\8.1\include\um\winsock.h(857): note: 'getservbyname' 선언을 참조하십시오.
c:\program files (x86)\windows kits\8.1\include\um\winsock2.h(2335): error C2375: 'getprotobynumber': 재정의. 링크가 다릅니다.
  c:\program files (x86)\windows kits\8.1\include\um\winsock.h(861): note: 'getprotobynumber' 선언을 참조하십시오.
c:\program files (x86)\windows kits\8.1\include\um\winsock2.h(2352): error C2375: 'getprotobyname': 재정의. 링크가 다릅니다.
  c:\program files (x86)\windows kits\8.1\include\um\winsock.h(863): note: 'getprotobyname' 선언을 참조하십시오.
c:\program files (x86)\windows kits\8.1\include\um\winsock2.h(2373): error C2375: 'WSAStartup': 재정의. 링크가 다릅니다.
  c:\program files (x86)\windows kits\8.1\include\um\winsock.h(867): note: 'WSAStartup' 선언을 참조하십시오.
c:\program files (x86)\windows kits\8.1\include\um\winsock2.h(2392): error C2375: 'WSACleanup': 재정의. 링크가 다릅니다.
  c:\program files (x86)\windows kits\8.1\include\um\winsock.h(871): note: 'WSACleanup' 선언을 참조하십시오.
c:\program files (x86)\windows kits\8.1\include\um\winsock2.h(2409): error C2375: 'WSASetLastError': 재정의. 링크가 다릅니다.
  c:\program files (x86)\windows kits\8.1\include\um\winsock.h(873): note: 'WSASetLastError' 선언을 참조하십시오.
c:\program files (x86)\windows kits\8.1\include\um\winsock2.h(2426): error C2375: 'WSAGetLastError': 재정의. 링크가 다릅니다.
  c:\program files (x86)\windows kits\8.1\include\um\winsock.h(875): note: 'WSAGetLastError' 선언을 참조하십시오.
c:\program files (x86)\windows kits\8.1\include\um\winsock2.h(2447): error C2375: 'WSAIsBlocking': 재정의. 링크가 다릅니다.
  c:\program files (x86)\windows kits\8.1\include\um\winsock.h(877): note: 'WSAIsBlocking' 선언을 참조하십시오.
c:\program files (x86)\windows kits\8.1\include\um\winsock2.h(2465): error C2375: 'WSAUnhookBlockingHook': 재정의. 링크가 다릅니다.
  c:\program files (x86)\windows kits\8.1\include\um\winsock.h(879): note: 'WSAUnhookBlockingHook' 선언을 참조하십시오.
c:\program files (x86)\windows kits\8.1\include\um\winsock2.h(2483): error C2375: 'WSASetBlockingHook': 재정의. 링크가 다릅니다.
  c:\program files (x86)\windows kits\8.1\include\um\winsock.h(881): note: 'WSASetBlockingHook' 선언을 참조하십시오.
c:\program files (x86)\windows kits\8.1\include\um\winsock2.h(2501): error C2375: 'WSACancelBlockingCall': 재정의. 링크가 다릅니다.
  c:\program files (x86)\windows kits\8.1\include\um\winsock.h(883): note: 'WSACancelBlockingCall' 선언을 참조하십시오.
c:\program files (x86)\windows kits\8.1\include\um\winsock2.h(2524): error C2375: 'WSAAsyncGetServByName': 재정의. 링크가 다릅니다.
  c:\program files (x86)\windows kits\8.1\include\um\winsock.h(885): note: 'WSAAsyncGetServByName' 선언을 참조하십시오.
c:\program files (x86)\windows kits\8.1\include\um\winsock2.h(2552): error C2375: 'WSAAsyncGetServByPort': 재정의. 링크가 다릅니다.
  c:\program files (x86)\windows kits\8.1\include\um\winsock.h(893): note: 'WSAAsyncGetServByPort' 선언을 참조하십시오.
c:\program files (x86)\windows kits\8.1\include\um\winsock2.h(2579): error C2375: 'WSAAsyncGetProtoByName': 재정의. 링크가 다릅니다.
  c:\program files (x86)\windows kits\8.1\include\um\winsock.h(901): note: 'WSAAsyncGetProtoByName' 선언을 참조하십시오.
c:\program files (x86)\windows kits\8.1\include\um\winsock2.h(2605): error C2375: 'WSAAsyncGetProtoByNumber': 재정의. 링크가 다릅니다.
  c:\program files (x86)\windows kits\8.1\include\um\winsock.h(908): note: 'WSAAsyncGetProtoByNumber' 선언을 참조하십시오.
c:\program files (x86)\windows kits\8.1\include\um\winsock2.h(2631): error C2375: 'WSAAsyncGetHostByName': 재정의. 링크가 다릅니다.
  c:\program files (x86)\windows kits\8.1\include\um\winsock.h(915): note: 'WSAAsyncGetHostByName' 선언을 참조하십시오.
c:\program files (x86)\windows kits\8.1\include\um\winsock2.h(2659): error C2375: 'WSAAsyncGetHostByAddr': 재정의. 링크가 다릅니다.
  c:\program files (x86)\windows kits\8.1\include\um\winsock.h(922): note: 'WSAAsyncGetHostByAddr' 선언을 참조하십시오.
c:\program files (x86)\windows kits\8.1\include\um\winsock2.h(2683): error C2375: 'WSACancelAsyncRequest': 재정의. 링크가 다릅니다.
  c:\program files (x86)\windows kits\8.1\include\um\winsock.h(931): note: 'WSACancelAsyncRequest' 선언을 참조하십시오.
c:\program files (x86)\windows kits\8.1\include\um\winsock2.h(2704): error C2375: 'WSAAsyncSelect': 재정의. 링크가 다릅니다.
  c:\program files (x86)\windows kits\8.1\include\um\winsock.h(933): note: 'WSAAsyncSelect' 선언을 참조하십시오.
d:\mysteryisland\graduationwork\common\d3dapp.cpp(15): fatal error C1083: 포함 파일을 열 수 없습니다. 'Protocol.h': No such file or directory
